<?xml version="1.0" encoding="UTF-8"?>
<testsuite name="ArrayGridTest" tests="3" skipped="0" failures="0" errors="0" timestamp="2021-11-07T17:15:41" hostname="V-PJ-47-017" time="0.004">
  <properties/>
  <testcase name="testGetNumberOfRows()" classname="ArrayGridTest" time="0.002"/>
  <testcase name="testGetNumberOfColumns()" classname="ArrayGridTest" time="0.001"/>
  <testcase name="testGetSquare()" classname="ArrayGridTest" time="0.001"/>
  <system-out><![CDATA[]]></system-out>
  <system-err><![CDATA[]]></system-err>
</testsuite>
