<?xml version="1.0" encoding="UTF-8"?>
<testsuite name="WangTileTest" tests="1" skipped="0" failures="0" errors="0" timestamp="2021-11-07T17:15:41" hostname="V-PJ-47-017" time="0.001">
  <properties/>
  <testcase name="sideTest()" classname="WangTileTest" time="0.001"/>
  <system-out><![CDATA[]]></system-out>
  <system-err><![CDATA[]]></system-err>
</testsuite>
