<?xml version="1.0" encoding="UTF-8"?>
<testsuite name="ArraySquareTest" tests="3" skipped="0" failures="0" errors="0" timestamp="2021-10-22T13:25:20" hostname="V-PP-47-014" time="0.002">
  <properties/>
  <testcase name="puTest()" classname="ArraySquareTest" time="0.0"/>
  <testcase name="getTest()" classname="ArraySquareTest" time="0.0"/>
  <testcase name="arraySquareTest()" classname="ArraySquareTest" time="0.0"/>
  <system-out><![CDATA[]]></system-out>
  <system-err><![CDATA[]]></system-err>
</testsuite>
