<?xml version="1.0" encoding="UTF-8"?>
<testsuite name="EmptySideTest" tests="1" skipped="0" failures="0" errors="0" timestamp="2021-10-22T13:25:20" hostname="V-PP-47-014" time="0.009">
  <properties/>
  <testcase name="testColor()" classname="EmptySideTest" time="0.009"/>
  <system-out><![CDATA[]]></system-out>
  <system-err><![CDATA[]]></system-err>
</testsuite>
