<?xml version="1.0" encoding="UTF-8"?>
<testsuite name="TestGrade" tests="3" skipped="0" failures="0" errors="0" timestamp="2021-09-17T11:45:15" hostname="V-PJ-47-025" time="0.005">
  <properties/>
  <testcase name="testAverageGrade()" classname="TestGrade" time="0.001"/>
  <testcase name="testGetValue()" classname="TestGrade" time="0.0"/>
  <testcase name="testToString()" classname="TestGrade" time="0.002"/>
  <system-out><![CDATA[]]></system-out>
  <system-err><![CDATA[]]></system-err>
</testsuite>
