<?xml version="1.0" encoding="UTF-8"?>
<testsuite name="TestTeachingUnitResult" tests="2" skipped="0" failures="0" errors="0" timestamp="2021-09-17T11:45:15" hostname="V-PJ-47-025" time="0.002">
  <properties/>
  <testcase name="testGetGrade()" classname="TestTeachingUnitResult" time="0.001"/>
  <testcase name="testToString()" classname="TestTeachingUnitResult" time="0.001"/>
  <system-out><![CDATA[]]></system-out>
  <system-err><![CDATA[]]></system-err>
</testsuite>
