<?xml version="1.0" encoding="UTF-8"?>
<testsuite name="ConstantTest" tests="4" skipped="0" failures="0" errors="0" timestamp="2021-10-13T07:19:24" hostname="V-PP-47-060" time="0.056">
  <properties/>
  <testcase name="testDerivative()" classname="ConstantTest" time="0.048"/>
  <testcase name="testEval()" classname="ConstantTest" time="0.001"/>
  <testcase name="testToString()" classname="ConstantTest" time="0.004"/>
  <testcase name="testEquals()" classname="ConstantTest" time="0.001"/>
  <system-out><![CDATA[]]></system-out>
  <system-err><![CDATA[]]></system-err>
</testsuite>
