<?xml version="1.0" encoding="UTF-8"?>
<testsuite name="EmptyTileGeneratorTest" tests="1" skipped="0" failures="0" errors="0" timestamp="2021-10-22T13:48:28" hostname="V-PP-47-014" time="0.003">
  <properties/>
  <testcase name="testNextTile()" classname="EmptyTileGeneratorTest" time="0.003"/>
  <system-out><![CDATA[]]></system-out>
  <system-err><![CDATA[]]></system-err>
</testsuite>
