<?xml version="1.0" encoding="UTF-8"?>
<testsuite name="mandelbrot.ComplexTest" tests="1" skipped="0" failures="0" errors="0" timestamp="2021-09-22T09:47:48" hostname="V-PJ-47-052" time="0.02">
  <properties/>
  <testcase name="testAdd()" classname="mandelbrot.ComplexTest" time="0.02"/>
  <system-out><![CDATA[]]></system-out>
  <system-err><![CDATA[]]></system-err>
</testsuite>
