<?xml version="1.0" encoding="UTF-8"?>
<testsuite name="TestTeachingUnitResult" tests="2" skipped="0" failures="0" errors="0" timestamp="2021-09-15T06:49:54" hostname="PC-de-Morpheus" time="0.054">
  <properties/>
  <testcase name="testGetGrade()" classname="TestTeachingUnitResult" time="0.033"/>
  <testcase name="testToString()" classname="TestTeachingUnitResult" time="0.019"/>
  <system-out><![CDATA[]]></system-out>
  <system-err><![CDATA[]]></system-err>
</testsuite>
